<?xml version="1.0" encoding="UTF-8"?>
<testng-results ignored="0" total="2" passed="2" failed="0" skipped="0">
  <reporter-output>
  </reporter-output>
  <suite started-at="2022-10-31T09:53:24 IST" name="Default suite" finished-at="2022-10-31T09:54:51 IST" duration-ms="87190">
    <groups>
    </groups>
    <test started-at="2022-10-31T09:53:24 IST" name="Default test" finished-at="2022-10-31T09:54:51 IST" duration-ms="87190">
      <class name="NEW_FRAMES.NewTest">
        <test-method is-config="true" signature="beforeClass()[pri:0, instance:NEW_FRAMES.NewTest@5fbdfdcf]" started-at="2022-10-31T09:53:24 IST" name="beforeClass" finished-at="2022-10-31T09:53:39 IST" duration-ms="15472" status="PASS">
          <reporter-output>
          </reporter-output>
        </test-method> <!-- beforeClass -->
        <test-method signature="f(java.lang.String,java.lang.String)[pri:0, instance:NEW_FRAMES.NewTest@5fbdfdcf]" started-at="2022-10-31T09:53:39 IST" name="f" data-provider="Suresh" finished-at="2022-10-31T09:54:15 IST" duration-ms="35542" status="PASS">
          <params>
            <param index="0">
              <value>
                <![CDATA[Admin]]>
              </value>
            </param>
            <param index="1">
              <value>
                <![CDATA[admin123]]>
              </value>
            </param>
          </params>
          <reporter-output>
          </reporter-output>
        </test-method> <!-- f -->
        <test-method signature="f(java.lang.String,java.lang.String)[pri:0, instance:NEW_FRAMES.NewTest@5fbdfdcf]" started-at="2022-10-31T09:54:15 IST" name="f" data-provider="Suresh" finished-at="2022-10-31T09:54:50 IST" duration-ms="35391" status="PASS">
          <params>
            <param index="0">
              <value>
                <![CDATA[Admin]]>
              </value>
            </param>
            <param index="1">
              <value>
                <![CDATA[admin123]]>
              </value>
            </param>
          </params>
          <reporter-output>
          </reporter-output>
        </test-method> <!-- f -->
        <test-method is-config="true" signature="afterClass()[pri:0, instance:NEW_FRAMES.NewTest@5fbdfdcf]" started-at="2022-10-31T09:54:50 IST" name="afterClass" finished-at="2022-10-31T09:54:51 IST" duration-ms="731" status="PASS">
          <reporter-output>
          </reporter-output>
        </test-method> <!-- afterClass -->
      </class> <!-- NEW_FRAMES.NewTest -->
    </test> <!-- Default test -->
  </suite> <!-- Default suite -->
</testng-results>
